This is pdfTeX, Version 3.141592653-2.6-1.40.22 (TeX Live 2022/dev/Debian) (preloaded format=pdflatex 2025.9.8)  6 DEC 2025 08:33
entering extended mode
 restricted \write18 enabled.
 %&-line parsing enabled.
**artB.tex
(./artB.tex
LaTeX2e <2021-11-15> patch level 1
L3 programming layer <2022-01-21>
(/usr/share/texlive/texmf-dist/tex/latex/base/article.cls
Document Class: article 2021/10/04 v1.4n Standard LaTeX document class
(/usr/share/texlive/texmf-dist/tex/latex/base/size12.clo
File: size12.clo 2021/10/04 v1.4n Standard LaTeX file (size option)
)
\c@part=\count185
\c@section=\count186
\c@subsection=\count187
\c@subsubsection=\count188
\c@paragraph=\count189
\c@subparagraph=\count190
\c@figure=\count191
\c@table=\count192
\abovecaptionskip=\skip47
\belowcaptionskip=\skip48
\bibindent=\dimen138
)
(/usr/share/texlive/texmf-dist/tex/latex/amsmath/amsmath.sty
Package: amsmath 2021/10/15 v2.17l AMS math features
\@mathmargin=\skip49

For additional information on amsmath, use the `?' option.
(/usr/share/texlive/texmf-dist/tex/latex/amsmath/amstext.sty
Package: amstext 2021/08/26 v2.01 AMS text

(/usr/share/texlive/texmf-dist/tex/latex/amsmath/amsgen.sty
File: amsgen.sty 1999/11/30 v2.0 generic functions
\@emptytoks=\toks16
\ex@=\dimen139
))
(/usr/share/texlive/texmf-dist/tex/latex/amsmath/amsbsy.sty
Package: amsbsy 1999/11/29 v1.2d Bold Symbols
\pmbraise@=\dimen140
)
(/usr/share/texlive/texmf-dist/tex/latex/amsmath/amsopn.sty
Package: amsopn 2021/08/26 v2.02 operator names
)
\inf@bad=\count193
LaTeX Info: Redefining \frac on input line 234.
\uproot@=\count194
\leftroot@=\count195
LaTeX Info: Redefining \overline on input line 399.
\classnum@=\count196
\DOTSCASE@=\count197
LaTeX Info: Redefining \ldots on input line 496.
LaTeX Info: Redefining \dots on input line 499.
LaTeX Info: Redefining \cdots on input line 620.
\Mathstrutbox@=\box50
\strutbox@=\box51
\big@size=\dimen141
LaTeX Font Info:    Redeclaring font encoding OML on input line 743.
LaTeX Font Info:    Redeclaring font encoding OMS on input line 744.
\macc@depth=\count198
\c@MaxMatrixCols=\count199
\dotsspace@=\muskip16
\c@parentequation=\count266
\dspbrk@lvl=\count267
\tag@help=\toks17
\row@=\count268
\column@=\count269
\maxfields@=\count270
\andhelp@=\toks18
\eqnshift@=\dimen142
\alignsep@=\dimen143
\tagshift@=\dimen144
\tagwidth@=\dimen145
\totwidth@=\dimen146
\lineht@=\dimen147
\@envbody=\toks19
\multlinegap=\skip50
\multlinetaggap=\skip51
\mathdisplay@stack=\toks20
LaTeX Info: Redefining \[ on input line 2938.
LaTeX Info: Redefining \] on input line 2939.
)
(/usr/share/texlive/texmf-dist/tex/latex/comment/comment.sty
\CommentStream=\write3

Excluding comment 'comment')
(/usr/share/texlive/texmf-dist/tex/latex/l3backend/l3backend-pdftex.def
File: l3backend-pdftex.def 2022-01-12 L3 backend support: PDF output (pdfTeX)
\l__color_backend_stack_int=\count271
\l__pdf_internal_box=\box52
)
(./artB.aux)
\openout1 = `artB.aux'.

LaTeX Font Info:    Checking defaults for OML/cmm/m/it on input line 6.
LaTeX Font Info:    ... okay on input line 6.
LaTeX Font Info:    Checking defaults for OMS/cmsy/m/n on input line 6.
LaTeX Font Info:    ... okay on input line 6.
LaTeX Font Info:    Checking defaults for OT1/cmr/m/n on input line 6.
LaTeX Font Info:    ... okay on input line 6.
LaTeX Font Info:    Checking defaults for T1/cmr/m/n on input line 6.
LaTeX Font Info:    ... okay on input line 6.
LaTeX Font Info:    Checking defaults for TS1/cmr/m/n on input line 6.
LaTeX Font Info:    ... okay on input line 6.
LaTeX Font Info:    Checking defaults for OMX/cmex/m/n on input line 6.
LaTeX Font Info:    ... okay on input line 6.
LaTeX Font Info:    Checking defaults for U/cmr/m/n on input line 6.
LaTeX Font Info:    ... okay on input line 6.
 Excluding 'comment' comment. Excluding 'comment' comment. [1

{/var/lib/texmf/fonts/map/pdftex/updmap/pdftex.map}] Excluding 'comment' commen
t.
Overfull \hbox (5.77505pt too wide) in paragraph at lines 85--96
\OT1/cmr/m/n/12 f^^Sacilmente ver-i-fi-ca-bles que garan-ti-zan la per-ma-nen-c
ia del sis-tema y la atracci^^Son
 []


Overfull \hbox (0.63576pt too wide) in paragraph at lines 85--96
\OT1/cmr/m/n/12 global de una soluci^^Son pos-i-tiva para el sis-tema depredado
r-presa (8). Adem^^Sas,
 []

Excluding 'comment' comment. [2] Excluding 'comment' comment.
Excluding 'comment' comment. Excluding 'comment' comment.
Excluding 'comment' comment. [3] Excluding 'comment' comment.
Overfull \hbox (10.16234pt too wide) in paragraph at lines 193--196
\OML/cmm/m/it/12 u[]\OT1/cmr/m/n/12 (\OML/cmm/m/it/12 t\OT1/cmr/m/n/12 ) \OMS/c
msy/m/n/12 ^^T \OML/cmm/m/it/12 N[]$ \OT1/cmr/m/n/12 for any pos-i-tive so-lu-t
ion $\OML/cmm/m/it/12 Z\OT1/cmr/m/n/12 (\OML/cmm/m/it/12 t\OT1/cmr/m/n/12 ) = (
\OML/cmm/m/it/12 x[]\OT1/cmr/m/n/12 (\OML/cmm/m/it/12 t\OT1/cmr/m/n/12 )\OML/cm
m/m/it/12 ; x[]\OT1/cmr/m/n/12 (\OML/cmm/m/it/12 t\OT1/cmr/m/n/12 )\OML/cmm/m/i
t/12 ; x[]\OT1/cmr/m/n/12 (\OML/cmm/m/it/12 t\OT1/cmr/m/n/12 )\OML/cmm/m/it/12 
; u[]\OT1/cmr/m/n/12 (\OML/cmm/m/it/12 t\OT1/cmr/m/n/12 )\OML/cmm/m/it/12 ; u[]
\OT1/cmr/m/n/12 (\OML/cmm/m/it/12 t\OT1/cmr/m/n/12 )\OML/cmm/m/it/12 ; u[]\OT1/
cmr/m/n/12 (\OML/cmm/m/it/12 t\OT1/cmr/m/n/12 ))$
 []

[4] Excluding 'comment' comment. Excluding 'comment' comment.
Excluding 'comment' comment. [5]

LaTeX Warning: Command \textperiodcentered invalid in math mode on input line 3
20.


LaTeX Warning: Command \textperiodcentered invalid in math mode on input line 3
20.


LaTeX Warning: Command \textperiodcentered invalid in math mode on input line 3
20.


LaTeX Warning: Command \textperiodcentered invalid in math mode on input line 3
20.


LaTeX Warning: Command \textperiodcentered invalid in math mode on input line 3
20.


LaTeX Warning: Command \textperiodcentered invalid in math mode on input line 3
20.

Missing character: There is no · in font cmr12!
Missing character: There is no · in font cmr12!
Missing character: There is no · in font cmr12!
Excluding 'comment' comment. Excluding 'comment' comment.
Excluding 'comment' comment. Excluding 'comment' comment.
Excluding 'comment' comment. Excluding 'comment' comment.
Excluding 'comment' comment. Excluding 'comment' comment.
Excluding 'comment' comment. Excluding 'comment' comment.
Excluding 'comment' comment. Excluding 'comment' comment.
Excluding 'comment' comment. Excluding 'comment' comment.
Excluding 'comment' comment. Excluding 'comment' comment.
Excluding 'comment' comment. Excluding 'comment' comment.
Excluding 'comment' comment. Excluding 'comment' comment. [6]
Excluding 'comment' comment. Excluding 'comment' comment.
Excluding 'comment' comment. Excluding 'comment' comment.
Excluding 'comment' comment. Excluding 'comment' comment.
Overfull \hbox (0.20898pt too wide) in paragraph at lines 597--598
[]\OT1/cmr/m/n/12 for any other pos-i-tive so-lu-tion $\OML/cmm/m/it/12 Y\OT1/c
mr/m/n/12 (\OML/cmm/m/it/12 t\OT1/cmr/m/n/12 ) = (\OML/cmm/m/it/12 Y[]\OT1/cmr/
m/n/12 (\OML/cmm/m/it/12 t\OT1/cmr/m/n/12 )\OML/cmm/m/it/12 ; Y[]\OT1/cmr/m/n/1
2 (\OML/cmm/m/it/12 t\OT1/cmr/m/n/12 )\OML/cmm/m/it/12 ; Y[]\OT1/cmr/m/n/12 (\O
ML/cmm/m/it/12 t\OT1/cmr/m/n/12 )\OML/cmm/m/it/12 ; v[]\OT1/cmr/m/n/12 (\OML/cm
m/m/it/12 t\OT1/cmr/m/n/12 )\OML/cmm/m/it/12 ; v[]\OT1/cmr/m/n/12 (\OML/cmm/m/i
t/12 t\OT1/cmr/m/n/12 )\OML/cmm/m/it/12 ; v[]\OT1/cmr/m/n/12 (\OML/cmm/m/it/12 
t\OT1/cmr/m/n/12 ))$
 []

[7] Excluding 'comment' comment. Excluding 'comment' comment.
Excluding 'comment' comment. Excluding 'comment' comment.
Excluding 'comment' comment.

! LaTeX Error: Unicode character Î¸ (U+03B8)
               not set up for use with LaTeX.

See the LaTeX manual or LaTeX Companion for explanation.
Type  H <return>  for immediate help.
 ...                                              
                                                  
l.743 + d 1 (Î¸
               ) | u 1 (Î¸) âˆ’ v 1 (Î¸) | )dÎ¸ds.
? 
! Emergency stop.
 ...                                              
                                                  
l.743 + d 1 (Î¸
               ) | u 1 (Î¸) âˆ’ v 1 (Î¸) | )dÎ¸ds.
You may provide a definition with
\DeclareUnicodeCharacter 

 
Here is how much of TeX's memory you used:
 1182 strings out of