This is pdfTeX, Version 3.141592653-2.6-1.40.22 (TeX Live 2022/dev/Debian) (preloaded format=pdflatex 2025.9.8)  7 DEC 2025 14:02
entering extended mode
 restricted \write18 enabled.
 %&-line parsing enabled.
**Dynamical_behaviour_Lotka_Volterra_competitive-competitive_cooperative_model_
feedback_controls_time_delays.tex

(./Dynamical_behaviour_Lotka_Volterra_competitive-competitive_cooperative_model
_feedback_controls_time_delays.tex
LaTeX2e <2021-11-15> patch level 1
L3 programming layer <2022-01-21>
(/usr/share/texlive/texmf-dist/tex/latex/base/article.cls
Document Class: article 2021/10/04 v1.4n Standard LaTeX document class
(/usr/share/texlive/texmf-dist/tex/latex/base/size12.clo
File: size12.clo 2021/10/04 v1.4n Standard LaTeX file (size option)
)
\c@part=\count185
\c@section=\count186
\c@subsection=\count187
\c@subsubsection=\count188
\c@paragraph=\count189
\c@subparagraph=\count190
\c@figure=\count191
\c@table=\count192
\abovecaptionskip=\skip47
\belowcaptionskip=\skip48
\bibindent=\dimen138
)
(/usr/share/texlive/texmf-dist/tex/latex/amsmath/amsmath.sty
Package: amsmath 2021/10/15 v2.17l AMS math features
\@mathmargin=\skip49

For additional information on amsmath, use the `?' option.
(/usr/share/texlive/texmf-dist/tex/latex/amsmath/amstext.sty
Package: amstext 2021/08/26 v2.01 AMS text

(/usr/share/texlive/texmf-dist/tex/latex/amsmath/amsgen.sty
File: amsgen.sty 1999/11/30 v2.0 generic functions
\@emptytoks=\toks16
\ex@=\dimen139
))
(/usr/share/texlive/texmf-dist/tex/latex/amsmath/amsbsy.sty
Package: amsbsy 1999/11/29 v1.2d Bold Symbols
\pmbraise@=\dimen140
)
(/usr/share/texlive/texmf-dist/tex/latex/amsmath/amsopn.sty
Package: amsopn 2021/08/26 v2.02 operator names
)
\inf@bad=\count193
LaTeX Info: Redefining \frac on input line 234.
\uproot@=\count194
\leftroot@=\count195
LaTeX Info: Redefining \overline on input line 399.
\classnum@=\count196
\DOTSCASE@=\count197
LaTeX Info: Redefining \ldots on input line 496.
LaTeX Info: Redefining \dots on input line 499.
LaTeX Info: Redefining \cdots on input line 620.
\Mathstrutbox@=\box50
\strutbox@=\box51
\big@size=\dimen141
LaTeX Font Info:    Redeclaring font encoding OML on input line 743.
LaTeX Font Info:    Redeclaring font encoding OMS on input line 744.
\macc@depth=\count198
\c@MaxMatrixCols=\count199
\dotsspace@=\muskip16
\c@parentequation=\count266
\dspbrk@lvl=\count267
\tag@help=\toks17
\row@=\count268
\column@=\count269
\maxfields@=\count270
\andhelp@=\toks18
\eqnshift@=\dimen142
\alignsep@=\dimen143
\tagshift@=\dimen144
\tagwidth@=\dimen145
\totwidth@=\dimen146
\lineht@=\dimen147
\@envbody=\toks19
\multlinegap=\skip50
\multlinetaggap=\skip51
\mathdisplay@stack=\toks20
LaTeX Info: Redefining \[ on input line 2938.
LaTeX Info: Redefining \] on input line 2939.
)
(/usr/share/texlive/texmf-dist/tex/latex/comment/comment.sty
\CommentStream=\write3

Excluding comment 'comment')
(/usr/share/texlive/texmf-dist/tex/latex/l3backend/l3backend-pdftex.def
File: l3backend-pdftex.def 2022-01-12 L3 backend support: PDF output (pdfTeX)
\l__color_backend_stack_int=\count271
\l__pdf_internal_box=\box52
)
No file Dynamical_behaviour_Lotka_Volterra_competitive-competitive_cooperative_
model_feedback_controls_time_delays.aux.
\openout1 = `Dynamical_behaviour_Lotka_Volterra_competitive-competitive_coopera
tive_model_feedback_controls_time_delays.aux'.

LaTeX Font Info:    Checking defaults for OML/cmm/m/it on input line 6.
LaTeX Font Info:    ... okay on input line 6.
LaTeX Font Info:    Checking defaults for OMS/cmsy/m/n on input line 6.
LaTeX Font Info:    ... okay on input line 6.
LaTeX Font Info:    Checking defaults for OT1/cmr/m/n on input line 6.
LaTeX Font Info:    ... okay on input line 6.
LaTeX Font Info:    Checking defaults for T1/cmr/m/n on input line 6.
LaTeX Font Info:    ... okay on input line 6.
LaTeX Font Info:    Checking defaults for TS1/cmr/m/n on input line 6.
LaTeX Font Info:    ... okay on input line 6.
LaTeX Font Info:    Checking defaults for OMX/cmex/m/n on input line 6.
LaTeX Font Info:    ... okay on input line 6.
LaTeX Font Info:    Checking defaults for U/cmr/m/n on input line 6.
LaTeX Font Info:    ... okay on input line 6.

Overfull \hbox (26.45958pt too wide) in paragraph at lines 8--11
[]\OT1/cmr/m/n/12 Dynamical be-haviour of a Lotka{Volterra competitive-competit
ive{cooperative
 []


Overfull \hbox (3.9737pt too wide) in paragraph at lines 25--31
\OT1/cmr/m/n/12 una clase de tres mod-e-los Lotka-Volterra competitivo-competit
ivo-cooperativo
 []

[1

{/var/lib/texmf/fonts/map/pdftex/updmap/pdftex.map}]
Overfull \hbox (27.87065pt too wide) detected at line 100
[]
 []

[2]
Overfull \hbox (11.80695pt too wide) in paragraph at lines 126--129
\OT1/cmr/m/n/12 thors con-sid-ered the fol-low-ing competitor-competitor{mutual
ist Lotka{Volterra
 []


Overfull \hbox (88.60384pt too wide) detected at line 143
[]
 []


Overfull \hbox (106.17026pt too wide) detected at line 163
[]
 []

[3] [4] Excluding 'comment' comment. Excluding 'comment' comment. [5]
Excluding 'comment' comment.
Overfull \hbox (5.77505pt too wide) in paragraph at lines 286--297
\OT1/cmr/m/n/12 f^^Sacilmente ver-i-fi-ca-bles que garan-ti-zan la per-ma-nen-c
ia del sis-tema y la atracci^^Son
 []


Overfull \hbox (0.63576pt too wide) in paragraph at lines 286--297
\OT1/cmr/m/n/12 global de una soluci^^Son pos-i-tiva para el sis-tema depredado
r-presa (8). Adem^^Sas,
 []

[6] Excluding 'comment' comment. Excluding 'comment' comment.
Excluding 'comment' comment. Excluding 'comment' comment. [7]
Excluding 'comment' comment. Excluding 'comment' comment.
Overfull \hbox (10.16234pt too wide) in paragraph at lines 394--397
\OML/cmm/m/it/12 u[]\OT1/cmr/m/n/12 (\OML/cmm/m/it/12 t\OT1/cmr/m/n/12 ) \OMS/c
msy/m/n/12 ^^T \OML/cmm/m/it/12 N[]$ \OT1/cmr/m/n/12 for any pos-i-tive so-lu-t
ion $\OML/cmm/m/it/12 Z\OT1/cmr/m/n/12 (\OML/cmm/m/it/12 t\OT1/cmr/m/n/12 ) = (
\OML/cmm/m/it/12 x[]\OT1/cmr/m/n/12 (\OML/cmm/m/it/12 t\OT1/cmr/m/n/12 )\OML/cm
m/m/it/12 ; x[]\OT1/cmr/m/n/12 (\OML/cmm/m/it/12 t\OT1/cmr/m/n/12 )\OML/cmm/m/i
t/12 ; x[]\OT1/cmr/m/n/12 (\OML/cmm/m/it/12 t\OT1/cmr/m/n/12 )\OML/cmm/m/it/12 
; u[]\OT1/cmr/m/n/12 (\OML/cmm/m/it/12 t\OT1/cmr/m/n/12 )\OML/cmm/m/it/12 ; u[]
\OT1/cmr/m/n/12 (\OML/cmm/m/it/12 t\OT1/cmr/m/n/12 )\OML/cmm/m/it/12 ; u[]\OT1/
cmr/m/n/12 (\OML/cmm/m/it/12 t\OT1/cmr/m/n/12 ))$
 []

[8] Excluding 'comment' comment. Excluding 'comment' comment.
Excluding 'comment' comment. [9]

LaTeX Warning: Command \textperiodcentered invalid in math mode on input line 5
21.


LaTeX Warning: Command \textperiodcentered invalid in math mode on input line 5
21.


LaTeX Warning: Command \textperiodcentered invalid in math mode on input line 5
21.


LaTeX Warning: Command \textperiodcentered invalid in math mode on input line 5
21.


LaTeX Warning: Command \textperiodcentered invalid in math mode on input line 5
21.


LaTeX Warning: Command \textperiodcentered invalid in math mode on input line 5
21.

Missing character: There is no · in font cmr12!
Missing character: There is no · in font cmr12!
Missing character: There is no · in font cmr12!
Excluding 'comment' comment. Excluding 'comment' comment.
Excluding 'comment' comment. Excluding 'comment' comment.
Excluding 'comment' comment. Excluding 'comment' comment.
Excluding 'comment' comment. Excluding 'comment' comment.
Excluding 'comment' comment. Excluding 'comment' comment.
Excluding 'comment' comment. Excluding 'comment' comment.
Excluding 'comment' comment. Excluding 'comment' comment.
Excluding 'comment' comment. Excluding 'comment' comment.
Excluding 'comment' comment. Excluding 'comment' comment.
Excluding 'comment' comment. Excluding 'comment' comment. [10]
Excluding 'comment' comment. Excluding 'comment' comment.
Excluding 'comment' comment. Excluding 'comment' comment.
Excluding 'comment' comment. Excluding 'comment' comment.
Overfull \hbox (0.20898pt too wide) in paragraph at lines 798--799
[]\OT1/cmr/m/n/12 for any other pos-i-tive so-lu-tion $\OML/cmm/m/it/12 Y\OT1/c
mr/m/n/12 (\OML/cmm/m/it/12 t\OT1/cmr/m/n/12 ) = (\OML/cmm/m/it/12 Y[]\OT1/cmr/
m/n/12 (\OML/cmm/m/it/12 t\OT1/cmr/m/n/12 )\OML/cmm/m/it/12 ; Y[]\OT1/cmr/m/n/1
2 (\OML/cmm/m/it/12 t\OT1/cmr/m/n/12 )\OML/cmm/m/it/12 ; Y[]\OT1/cmr/m/n/12 (\O
ML/cmm/m/it/12 t\OT1/cmr/m/n/12 )\OML/cmm/m/it/12 ; v[]\OT1/cmr/m/n/12 (\OML/cm
m/m/it/12 t\OT1/cmr/m/n/12 )\OML/cmm/m/it/12 ; v[]\OT1/cmr/m/n/12 (\OML/cmm/m/i
t/12 t\OT1/cmr/m/n/12 )\OML/cmm/m/it/12 ; v[]\OT1/cmr/m/n/12 (\OML/cmm/m/it/12 
t\OT1/cmr/m/n/12 ))$
 []

[11] Excluding 'comment' comment. Excluding 'comment' comment.
Excluding 'comment' comment. Excluding 'comment' comment.
Excluding 'comment' comment. Excluding 'comment' comment.
Excluding 'comment' comment. Excluding 'comment' comment.
Excluding 'comment' comment. Excluding 'comment' comment.
Excluding 'comment' comment. Excluding 'comment' comment.
Excluding 'comment' comment. Excluding 'comment' comment.
Excluding 'comment' comment. Excluding 'comment' comment.
Excluding 'comment' comment. [12] Excluding 'comment' comment.
Excluding 'comment' comment. Excluding 'comment' comment.
Excluding 'comment' comment. Excluding 'comment' comment.
Excluding 'comment' comment. [13] Excluding 'comment' comment.
Excluding 'comment' comment. [14] [15] [16] [17] [18]
(./Dynamical_behaviour_Lotka_Volterra_competitive-competitive_cooperative_model
_feedback_controls_time_delays.aux) ) 
Here is how much of TeX's memory you used:
 1180 strings out of 480247
 19022 string characters out of 5896152
 314499 words of memory out of 5000000
 19174 multiletter control sequences out of 15000+600000
 473683 words of font info for 43 fonts, out of 8000000 for 9000
 14 hyphenation exceptions out of 8191
 54i,8n,62p,386b,128s stack positions out of 5000i,500n,10000p,200000b,80000s
 </home/santosg/.texlive2021/texmf-var/fon
ts/pk/ljfour/jknappen/ec/tcrm1200.600pk></usr/share/texlive/texmf-dist/fonts/ty
pe1/public/amsfonts/cm/cmex10.pfb></usr/share/texlive/texmf-dist/fonts/type1/pu
blic/amsfonts/cm/cmmi12.pfb></usr/share/texlive/texmf-dist/fonts/type1/public/a
msfonts/cm/cmmi6.pfb></usr/share/texlive/texmf-dist/fonts/type1/public/amsfonts
/cm/cmmi8.pfb></usr/share/texlive/texmf-dist/fonts/type1/public/amsfonts/cm/cmr
12.pfb></usr/share/texlive/texmf-dist/fonts/type1/public/amsfonts/cm/cmr6.pfb><
/usr/share/texlive/texmf-dist/fonts/type1/public/amsfonts/cm/cmr8.pfb></usr/sha
re/texlive/texmf-dist/fonts/type1/public/amsfonts/cm/cmsy10.pfb></usr/share/tex
live/texmf-dist/fonts/type1/public/amsfonts/cm/cmsy6.pfb></usr/share/texlive/te
xmf-dist/fonts/type1/public/amsfonts/cm/cmsy8.pfb>
Output written on Dynamical_behaviour_Lotka_Volterra_competitive-competitive_co
operative_model_feedback_controls_time_delays.pdf (18 pages, 157135 bytes).
PDF statistics:
 117 PDF objects out of 1000 (max. 8388607)
 75 compressed objects within 1 object stream
 0 named destinations out of 1000 (max. 500000)
 1 words of extra memory for PDF output out of 10000 (max. 10000000)

